[2025-11-21 19:40:19.294] INFO  MapPanel - World map image loaded successfully
[2025-11-21 19:40:26.619] ERROR FlightRadar24 - Failed to find flight by callsign: AC873
org.json.JSONException: JSONArray[0] not found.
	at org.json.JSONArray.get(JSONArray.java:244)
	at org.json.JSONArray.getJSONObject(JSONArray.java:457)
	at org.lobster.data_access.FlightRadarService.findByCallsign(FlightRadarService.java:24)
	at org.lobster.data_access.FlightRadarDataAccess.findByCallSign(FlightRadarDataAccess.java:27)
	at org.lobster.use_case.search_flight.SearchFlightInteractor.execute(SearchFlightInteractor.java:26)
	at org.lobster.interface_adapter.search_flight.SearchFlightController.onSearch(SearchFlightController.java:15)
	at org.lobster.view.MainApplicationFrame.performSearch(MainApplicationFrame.java:152)
	at org.lobster.view.MainApplicationFrame.lambda$createSearchPanel$0(MainApplicationFrame.java:117)
	at java.desktop/javax.swing.AbstractButton.fireActionPerformed(AbstractButton.java:1972)
	at java.desktop/javax.swing.AbstractButton$Handler.actionPerformed(AbstractButton.java:2314)
	at java.desktop/javax.swing.DefaultButtonModel.fireActionPerformed(DefaultButtonModel.java:407)
	at java.desktop/javax.swing.DefaultButtonModel.setPressed(DefaultButtonModel.java:262)
	at java.desktop/javax.swing.plaf.basic.BasicButtonListener.mouseReleased(BasicButtonListener.java:279)
	at java.desktop/java.awt.Component.processMouseEvent(Component.java:6576)
	at java.desktop/javax.swing.JComponent.processMouseEvent(JComponent.java:3404)
	at java.desktop/java.awt.Component.processEvent(Component.java:6341)
	at java.desktop/java.awt.Container.processEvent(Container.java:2260)
	at java.desktop/java.awt.Component.dispatchEventImpl(Component.java:4958)
	at java.desktop/java.awt.Container.dispatchEventImpl(Container.java:2318)
	at java.desktop/java.awt.Component.dispatchEvent(Component.java:4790)
	at java.desktop/java.awt.LightweightDispatcher.retargetMouseEvent(Container.java:4917)
	at java.desktop/java.awt.LightweightDispatcher.processMouseEvent(Container.java:4560)
	at java.desktop/java.awt.LightweightDispatcher.dispatchEvent(Container.java:4501)
	at java.desktop/java.awt.Container.dispatchEventImpl(Container.java:2304)
	at java.desktop/java.awt.Window.dispatchEventImpl(Window.java:2671)
	at java.desktop/java.awt.Component.dispatchEvent(Component.java:4790)
	at java.desktop/java.awt.EventQueue.dispatchEventImpl(EventQueue.java:725)
	at java.desktop/java.awt.EventQueue.dispatchEvent(EventQueue.java:702)
	at java.desktop/java.awt.EventDispatchThread.pumpOneEventForFilters(EventDispatchThread.java:203)
	at java.desktop/java.awt.EventDispatchThread.pumpEventsForFilter(EventDispatchThread.java:124)
	at java.desktop/java.awt.EventDispatchThread.pumpEventsForHierarchy(EventDispatchThread.java:113)
	at java.desktop/java.awt.EventDispatchThread.pumpEvents(EventDispatchThread.java:109)
	at java.desktop/java.awt.EventDispatchThread.pumpEvents(EventDispatchThread.java:101)
	at java.desktop/java.awt.EventDispatchThread.run(EventDispatchThread.java:90)
[2025-11-21 19:41:41.374] INFO  MapPanel - World map image loaded successfully
[2025-11-21 19:41:45.433] ERROR FlightRadar24 - Failed to find flight by callsign: AC873
org.json.JSONException: JSONArray[0] not found.
	at org.json.JSONArray.get(JSONArray.java:244)
	at org.json.JSONArray.getJSONObject(JSONArray.java:457)
	at org.lobster.data_access.FlightRadarService.findByCallsign(FlightRadarService.java:24)
	at org.lobster.data_access.FlightRadarDataAccess.findByCallSign(FlightRadarDataAccess.java:27)
	at org.lobster.use_case.search_flight.SearchFlightInteractor.execute(SearchFlightInteractor.java:26)
	at org.lobster.interface_adapter.search_flight.SearchFlightController.onSearch(SearchFlightController.java:15)
	at org.lobster.view.MainApplicationFrame.performSearch(MainApplicationFrame.java:152)
	at org.lobster.view.MainApplicationFrame.lambda$createSearchPanel$0(MainApplicationFrame.java:117)
	at java.desktop/javax.swing.AbstractButton.fireActionPerformed(AbstractButton.java:1972)
	at java.desktop/javax.swing.AbstractButton$Handler.actionPerformed(AbstractButton.java:2314)
	at java.desktop/javax.swing.DefaultButtonModel.fireActionPerformed(DefaultButtonModel.java:407)
	at java.desktop/javax.swing.DefaultButtonModel.setPressed(DefaultButtonModel.java:262)
	at java.desktop/javax.swing.plaf.basic.BasicButtonListener.mouseReleased(BasicButtonListener.java:279)
	at java.desktop/java.awt.Component.processMouseEvent(Component.java:6576)
	at java.desktop/javax.swing.JComponent.processMouseEvent(JComponent.java:3404)
	at java.desktop/java.awt.Component.processEvent(Component.java:6341)
	at java.desktop/java.awt.Container.processEvent(Container.java:2260)
	at java.desktop/java.awt.Component.dispatchEventImpl(Component.java:4958)
	at java.desktop/java.awt.Container.dispatchEventImpl(Container.java:2318)
	at java.desktop/java.awt.Component.dispatchEvent(Component.java:4790)
	at java.desktop/java.awt.LightweightDispatcher.retargetMouseEvent(Container.java:4917)
	at java.desktop/java.awt.LightweightDispatcher.processMouseEvent(Container.java:4560)
	at java.desktop/java.awt.LightweightDispatcher.dispatchEvent(Container.java:4501)
	at java.desktop/java.awt.Container.dispatchEventImpl(Container.java:2304)
	at java.desktop/java.awt.Window.dispatchEventImpl(Window.java:2671)
	at java.desktop/java.awt.Component.dispatchEvent(Component.java:4790)
	at java.desktop/java.awt.EventQueue.dispatchEventImpl(EventQueue.java:725)
	at java.desktop/java.awt.EventQueue.dispatchEvent(EventQueue.java:702)
	at java.desktop/java.awt.EventDispatchThread.pumpOneEventForFilters(EventDispatchThread.java:203)
	at java.desktop/java.awt.EventDispatchThread.pumpEventsForFilter(EventDispatchThread.java:124)
	at java.desktop/java.awt.EventDispatchThread.pumpEventsForHierarchy(EventDispatchThread.java:113)
	at java.desktop/java.awt.EventDispatchThread.pumpEvents(EventDispatchThread.java:109)
	at java.desktop/java.awt.EventDispatchThread.pumpEvents(EventDispatchThread.java:101)
	at java.desktop/java.awt.EventDispatchThread.run(EventDispatchThread.java:90)
[2025-11-21 19:42:15.699] INFO  MapPanel - World map image loaded successfully
[2025-11-21 19:42:18.869] ERROR FlightRadar24 - Failed to find flight by callsign: AC873
org.json.JSONException: JSONArray[0] not found.
	at org.json.JSONArray.get(JSONArray.java:244)
	at org.json.JSONArray.getJSONObject(JSONArray.java:457)
	at org.lobster.data_access.FlightRadarService.findByCallsign(FlightRadarService.java:24)
	at org.lobster.data_access.FlightRadarDataAccess.findByCallSign(FlightRadarDataAccess.java:27)
	at org.lobster.use_case.search_flight.SearchFlightInteractor.execute(SearchFlightInteractor.java:26)
	at org.lobster.interface_adapter.search_flight.SearchFlightController.onSearch(SearchFlightController.java:15)
	at org.lobster.view.MainApplicationFrame.performSearch(MainApplicationFrame.java:152)
	at org.lobster.view.MainApplicationFrame.lambda$createSearchPanel$0(MainApplicationFrame.java:117)
	at java.desktop/javax.swing.AbstractButton.fireActionPerformed(AbstractButton.java:1972)
	at java.desktop/javax.swing.AbstractButton$Handler.actionPerformed(AbstractButton.java:2314)
	at java.desktop/javax.swing.DefaultButtonModel.fireActionPerformed(DefaultButtonModel.java:407)
	at java.desktop/javax.swing.DefaultButtonModel.setPressed(DefaultButtonModel.java:262)
	at java.desktop/javax.swing.plaf.basic.BasicButtonListener.mouseReleased(BasicButtonListener.java:279)
	at java.desktop/java.awt.Component.processMouseEvent(Component.java:6576)
	at java.desktop/javax.swing.JComponent.processMouseEvent(JComponent.java:3404)
	at java.desktop/java.awt.Component.processEvent(Component.java:6341)
	at java.desktop/java.awt.Container.processEvent(Container.java:2260)
	at java.desktop/java.awt.Component.dispatchEventImpl(Component.java:4958)
	at java.desktop/java.awt.Container.dispatchEventImpl(Container.java:2318)
	at java.desktop/java.awt.Component.dispatchEvent(Component.java:4790)
	at java.desktop/java.awt.LightweightDispatcher.retargetMouseEvent(Container.java:4917)
	at java.desktop/java.awt.LightweightDispatcher.processMouseEvent(Container.java:4560)
	at java.desktop/java.awt.LightweightDispatcher.dispatchEvent(Container.java:4501)
	at java.desktop/java.awt.Container.dispatchEventImpl(Container.java:2304)
	at java.desktop/java.awt.Window.dispatchEventImpl(Window.java:2671)
	at java.desktop/java.awt.Component.dispatchEvent(Component.java:4790)
	at java.desktop/java.awt.EventQueue.dispatchEventImpl(EventQueue.java:725)
	at java.desktop/java.awt.EventQueue.dispatchEvent(EventQueue.java:702)
	at java.desktop/java.awt.EventDispatchThread.pumpOneEventForFilters(EventDispatchThread.java:203)
	at java.desktop/java.awt.EventDispatchThread.pumpEventsForFilter(EventDispatchThread.java:124)
	at java.desktop/java.awt.EventDispatchThread.pumpEventsForHierarchy(EventDispatchThread.java:113)
	at java.desktop/java.awt.EventDispatchThread.pumpEvents(EventDispatchThread.java:109)
	at java.desktop/java.awt.EventDispatchThread.pumpEvents(EventDispatchThread.java:101)
	at java.desktop/java.awt.EventDispatchThread.run(EventDispatchThread.java:90)
[2025-11-21 19:42:28.771] INFO  MapPanel - World map image loaded successfully
[2025-11-21 19:42:32.102] ERROR FlightRadar24 - Failed to find flight by callsign: DL123
org.json.JSONException: JSONArray[0] not found.
	at org.json.JSONArray.get(JSONArray.java:244)
	at org.json.JSONArray.getJSONObject(JSONArray.java:457)
	at org.lobster.data_access.FlightRadarService.findByCallsign(FlightRadarService.java:24)
	at org.lobster.data_access.FlightRadarDataAccess.findByCallSign(FlightRadarDataAccess.java:27)
	at org.lobster.use_case.search_flight.SearchFlightInteractor.execute(SearchFlightInteractor.java:26)
	at org.lobster.interface_adapter.search_flight.SearchFlightController.onSearch(SearchFlightController.java:15)
	at org.lobster.view.MainApplicationFrame.performSearch(MainApplicationFrame.java:152)
	at org.lobster.view.MainApplicationFrame.lambda$createSearchPanel$0(MainApplicationFrame.java:117)
	at java.desktop/javax.swing.AbstractButton.fireActionPerformed(AbstractButton.java:1972)
	at java.desktop/javax.swing.AbstractButton$Handler.actionPerformed(AbstractButton.java:2314)
	at java.desktop/javax.swing.DefaultButtonModel.fireActionPerformed(DefaultButtonModel.java:407)
	at java.desktop/javax.swing.DefaultButtonModel.setPressed(DefaultButtonModel.java:262)
	at java.desktop/javax.swing.plaf.basic.BasicButtonListener.mouseReleased(BasicButtonListener.java:279)
	at java.desktop/java.awt.Component.processMouseEvent(Component.java:6576)
	at java.desktop/javax.swing.JComponent.processMouseEvent(JComponent.java:3404)
	at java.desktop/java.awt.Component.processEvent(Component.java:6341)
	at java.desktop/java.awt.Container.processEvent(Container.java:2260)
	at java.desktop/java.awt.Component.dispatchEventImpl(Component.java:4958)
	at java.desktop/java.awt.Container.dispatchEventImpl(Container.java:2318)
	at java.desktop/java.awt.Component.dispatchEvent(Component.java:4790)
	at java.desktop/java.awt.LightweightDispatcher.retargetMouseEvent(Container.java:4917)
	at java.desktop/java.awt.LightweightDispatcher.processMouseEvent(Container.java:4560)
	at java.desktop/java.awt.LightweightDispatcher.dispatchEvent(Container.java:4501)
	at java.desktop/java.awt.Container.dispatchEventImpl(Container.java:2304)
	at java.desktop/java.awt.Window.dispatchEventImpl(Window.java:2671)
	at java.desktop/java.awt.Component.dispatchEvent(Component.java:4790)
	at java.desktop/java.awt.EventQueue.dispatchEventImpl(EventQueue.java:725)
	at java.desktop/java.awt.EventQueue.dispatchEvent(EventQueue.java:702)
	at java.desktop/java.awt.EventDispatchThread.pumpOneEventForFilters(EventDispatchThread.java:203)
	at java.desktop/java.awt.EventDispatchThread.pumpEventsForFilter(EventDispatchThread.java:124)
	at java.desktop/java.awt.EventDispatchThread.pumpEventsForHierarchy(EventDispatchThread.java:113)
	at java.desktop/java.awt.EventDispatchThread.pumpEvents(EventDispatchThread.java:109)
	at java.desktop/java.awt.EventDispatchThread.pumpEvents(EventDispatchThread.java:101)
	at java.desktop/java.awt.EventDispatchThread.run(EventDispatchThread.java:90)
[2025-11-22 18:57:34.647] INFO  MapPanel - World map image loaded successfully
[2025-11-22 18:59:04.598] ERROR FlightRadar24 - Failed to find flight by flight number: EK412
org.json.JSONException: JSONArray[0] not found.
	at org.json.JSONArray.get(JSONArray.java:244)
	at org.json.JSONArray.getJSONObject(JSONArray.java:457)
	at org.lobster.data_access.FlightRadarService.findByFlightNumber(FlightRadarService.java:37)
	at org.lobster.data_access.FlightRadarDataAccess.findByFlightNumber(FlightRadarDataAccess.java:21)
	at org.lobster.use_case.search_flight.SearchFlightInteractor.execute(SearchFlightInteractor.java:26)
	at org.lobster.interface_adapter.search_flight.SearchFlightController.onSearch(SearchFlightController.java:15)
	at org.lobster.view.MainApplicationFrame.performSearch(MainApplicationFrame.java:154)
	at org.lobster.view.MainApplicationFrame.lambda$createSearchPanel$0(MainApplicationFrame.java:119)
	at java.desktop/javax.swing.AbstractButton.fireActionPerformed(AbstractButton.java:1972)
	at java.desktop/javax.swing.AbstractButton$Handler.actionPerformed(AbstractButton.java:2314)
	at java.desktop/javax.swing.DefaultButtonModel.fireActionPerformed(DefaultButtonModel.java:407)
	at java.desktop/javax.swing.DefaultButtonModel.setPressed(DefaultButtonModel.java:262)
	at java.desktop/javax.swing.plaf.basic.BasicButtonListener.mouseReleased(BasicButtonListener.java:279)
	at java.desktop/java.awt.Component.processMouseEvent(Component.java:6576)
	at java.desktop/javax.swing.JComponent.processMouseEvent(JComponent.java:3404)
	at java.desktop/java.awt.Component.processEvent(Component.java:6341)
	at java.desktop/java.awt.Container.processEvent(Container.java:2260)
	at java.desktop/java.awt.Component.dispatchEventImpl(Component.java:4958)
	at java.desktop/java.awt.Container.dispatchEventImpl(Container.java:2318)
	at java.desktop/java.awt.Component.dispatchEvent(Component.java:4790)
	at java.desktop/java.awt.LightweightDispatcher.retargetMouseEvent(Container.java:4917)
	at java.desktop/java.awt.LightweightDispatcher.processMouseEvent(Container.java:4560)
	at java.desktop/java.awt.LightweightDispatcher.dispatchEvent(Container.java:4501)
	at java.desktop/java.awt.Container.dispatchEventImpl(Container.java:2304)
	at java.desktop/java.awt.Window.dispatchEventImpl(Window.java:2671)
	at java.desktop/java.awt.Component.dispatchEvent(Component.java:4790)
	at java.desktop/java.awt.EventQueue.dispatchEventImpl(EventQueue.java:725)
	at java.desktop/java.awt.EventQueue.dispatchEvent(EventQueue.java:702)
	at java.desktop/java.awt.EventDispatchThread.pumpOneEventForFilters(EventDispatchThread.java:203)
	at java.desktop/java.awt.EventDispatchThread.pumpEventsForFilter(EventDispatchThread.java:124)
	at java.desktop/java.awt.EventDispatchThread.pumpEventsForHierarchy(EventDispatchThread.java:113)
	at java.desktop/java.awt.EventDispatchThread.pumpEvents(EventDispatchThread.java:109)
	at java.desktop/java.awt.EventDispatchThread.pumpEvents(EventDispatchThread.java:101)
	at java.desktop/java.awt.EventDispatchThread.run(EventDispatchThread.java:90)
[2025-11-22 18:59:39.905] INFO  MapPanel - World map image loaded successfully
[2025-11-22 18:59:41.973] ERROR FlightRadar24 - Failed to find flight by flight number: VN18
org.json.JSONException: JSONArray[0] not found.
	at org.json.JSONArray.get(JSONArray.java:244)
	at org.json.JSONArray.getJSONObject(JSONArray.java:457)
	at org.lobster.data_access.FlightRadarService.findByFlightNumber(FlightRadarService.java:37)
	at org.lobster.data_access.FlightRadarDataAccess.findByFlightNumber(FlightRadarDataAccess.java:21)
	at org.lobster.use_case.search_flight.SearchFlightInteractor.execute(SearchFlightInteractor.java:26)
	at org.lobster.interface_adapter.search_flight.SearchFlightController.onSearch(SearchFlightController.java:15)
	at org.lobster.view.MainApplicationFrame.performSearch(MainApplicationFrame.java:154)
	at org.lobster.view.MainApplicationFrame.lambda$createSearchPanel$0(MainApplicationFrame.java:119)
	at java.desktop/javax.swing.AbstractButton.fireActionPerformed(AbstractButton.java:1972)
	at java.desktop/javax.swing.AbstractButton$Handler.actionPerformed(AbstractButton.java:2314)
	at java.desktop/javax.swing.DefaultButtonModel.fireActionPerformed(DefaultButtonModel.java:407)
	at java.desktop/javax.swing.DefaultButtonModel.setPressed(DefaultButtonModel.java:262)
	at java.desktop/javax.swing.plaf.basic.BasicButtonListener.mouseReleased(BasicButtonListener.java:279)
	at java.desktop/java.awt.Component.processMouseEvent(Component.java:6576)
	at java.desktop/javax.swing.JComponent.processMouseEvent(JComponent.java:3404)
	at java.desktop/java.awt.Component.processEvent(Component.java:6341)
	at java.desktop/java.awt.Container.processEvent(Container.java:2260)
	at java.desktop/java.awt.Component.dispatchEventImpl(Component.java:4958)
	at java.desktop/java.awt.Container.dispatchEventImpl(Container.java:2318)
	at java.desktop/java.awt.Component.dispatchEvent(Component.java:4790)
	at java.desktop/java.awt.LightweightDispatcher.retargetMouseEvent(Container.java:4917)
	at java.desktop/java.awt.LightweightDispatcher.processMouseEvent(Container.java:4560)
	at java.desktop/java.awt.LightweightDispatcher.dispatchEvent(Container.java:4501)
	at java.desktop/java.awt.Container.dispatchEventImpl(Container.java:2304)
	at java.desktop/java.awt.Window.dispatchEventImpl(Window.java:2671)
	at java.desktop/java.awt.Component.dispatchEvent(Component.java:4790)
	at java.desktop/java.awt.EventQueue.dispatchEventImpl(EventQueue.java:725)
	at java.desktop/java.awt.EventQueue.dispatchEvent(EventQueue.java:702)
	at java.desktop/java.awt.EventDispatchThread.pumpOneEventForFilters(EventDispatchThread.java:203)
	at java.desktop/java.awt.EventDispatchThread.pumpEventsForFilter(EventDispatchThread.java:124)
	at java.desktop/java.awt.EventDispatchThread.pumpEventsForHierarchy(EventDispatchThread.java:113)
	at java.desktop/java.awt.EventDispatchThread.pumpEvents(EventDispatchThread.java:109)
	at java.desktop/java.awt.EventDispatchThread.pumpEvents(EventDispatchThread.java:101)
	at java.desktop/java.awt.EventDispatchThread.run(EventDispatchThread.java:90)
[2025-11-22 18:59:51.926] ERROR FlightRadar24 - Failed to find flight by flight number: VN18
org.json.JSONException: JSONArray[0] not found.
	at org.json.JSONArray.get(JSONArray.java:244)
	at org.json.JSONArray.getJSONObject(JSONArray.java:457)
	at org.lobster.data_access.FlightRadarService.findByFlightNumber(FlightRadarService.java:37)
	at org.lobster.data_access.FlightRadarDataAccess.findByFlightNumber(FlightRadarDataAccess.java:21)
	at org.lobster.use_case.search_flight.SearchFlightInteractor.execute(SearchFlightInteractor.java:26)
	at org.lobster.interface_adapter.search_flight.SearchFlightController.onSearch(SearchFlightController.java:15)
	at org.lobster.view.MainApplicationFrame.performSearch(MainApplicationFrame.java:154)
	at org.lobster.view.MainApplicationFrame.lambda$createSearchPanel$0(MainApplicationFrame.java:119)
	at java.desktop/javax.swing.AbstractButton.fireActionPerformed(AbstractButton.java:1972)
	at java.desktop/javax.swing.AbstractButton$Handler.actionPerformed(AbstractButton.java:2314)
	at java.desktop/javax.swing.DefaultButtonModel.fireActionPerformed(DefaultButtonModel.java:407)
	at java.desktop/javax.swing.DefaultButtonModel.setPressed(DefaultButtonModel.java:262)
	at java.desktop/javax.swing.plaf.basic.BasicButtonListener.mouseReleased(BasicButtonListener.java:279)
	at java.desktop/java.awt.Component.processMouseEvent(Component.java:6576)
	at java.desktop/javax.swing.JComponent.processMouseEvent(JComponent.java:3404)
	at java.desktop/java.awt.Component.processEvent(Component.java:6341)
	at java.desktop/java.awt.Container.processEvent(Container.java:2260)
	at java.desktop/java.awt.Component.dispatchEventImpl(Component.java:4958)
	at java.desktop/java.awt.Container.dispatchEventImpl(Container.java:2318)
	at java.desktop/java.awt.Component.dispatchEvent(Component.java:4790)
	at java.desktop/java.awt.LightweightDispatcher.retargetMouseEvent(Container.java:4917)
	at java.desktop/java.awt.LightweightDispatcher.processMouseEvent(Container.java:4560)
	at java.desktop/java.awt.LightweightDispatcher.dispatchEvent(Container.java:4501)
	at java.desktop/java.awt.Container.dispatchEventImpl(Container.java:2304)
	at java.desktop/java.awt.Window.dispatchEventImpl(Window.java:2671)
	at java.desktop/java.awt.Component.dispatchEvent(Component.java:4790)
	at java.desktop/java.awt.EventQueue.dispatchEventImpl(EventQueue.java:725)
	at java.desktop/java.awt.EventQueue.dispatchEvent(EventQueue.java:702)
	at java.desktop/java.awt.EventDispatchThread.pumpOneEventForFilters(EventDispatchThread.java:203)
	at java.desktop/java.awt.EventDispatchThread.pumpEventsForFilter(EventDispatchThread.java:124)
	at java.desktop/java.awt.EventDispatchThread.pumpEventsForHierarchy(EventDispatchThread.java:113)
	at java.desktop/java.awt.EventDispatchThread.pumpEvents(EventDispatchThread.java:109)
	at java.desktop/java.awt.EventDispatchThread.pumpEvents(EventDispatchThread.java:101)
	at java.desktop/java.awt.EventDispatchThread.run(EventDispatchThread.java:90)
[2025-11-22 19:00:18.838] ERROR FlightRadar24 - Failed to find flight by flight number: TX511
org.json.JSONException: JSONArray[0] not found.
	at org.json.JSONArray.get(JSONArray.java:244)
	at org.json.JSONArray.getJSONObject(JSONArray.java:457)
	at org.lobster.data_access.FlightRadarService.findByFlightNumber(FlightRadarService.java:37)
	at org.lobster.data_access.FlightRadarDataAccess.findByFlightNumber(FlightRadarDataAccess.java:21)
	at org.lobster.use_case.search_flight.SearchFlightInteractor.execute(SearchFlightInteractor.java:26)
	at org.lobster.interface_adapter.search_flight.SearchFlightController.onSearch(SearchFlightController.java:15)
	at org.lobster.view.MainApplicationFrame.performSearch(MainApplicationFrame.java:154)
	at org.lobster.view.MainApplicationFrame.lambda$createSearchPanel$0(MainApplicationFrame.java:119)
	at java.desktop/javax.swing.AbstractButton.fireActionPerformed(AbstractButton.java:1972)
	at java.desktop/javax.swing.AbstractButton$Handler.actionPerformed(AbstractButton.java:2314)
	at java.desktop/javax.swing.DefaultButtonModel.fireActionPerformed(DefaultButtonModel.java:407)
	at java.desktop/javax.swing.DefaultButtonModel.setPressed(DefaultButtonModel.java:262)
	at java.desktop/javax.swing.plaf.basic.BasicButtonListener.mouseReleased(BasicButtonListener.java:279)
	at java.desktop/java.awt.Component.processMouseEvent(Component.java:6576)
	at java.desktop/javax.swing.JComponent.processMouseEvent(JComponent.java:3404)
	at java.desktop/java.awt.Component.processEvent(Component.java:6341)
	at java.desktop/java.awt.Container.processEvent(Container.java:2260)
	at java.desktop/java.awt.Component.dispatchEventImpl(Component.java:4958)
	at java.desktop/java.awt.Container.dispatchEventImpl(Container.java:2318)
	at java.desktop/java.awt.Component.dispatchEvent(Component.java:4790)
	at java.desktop/java.awt.LightweightDispatcher.retargetMouseEvent(Container.java:4917)
	at java.desktop/java.awt.LightweightDispatcher.processMouseEvent(Container.java:4560)
	at java.desktop/java.awt.LightweightDispatcher.dispatchEvent(Container.java:4501)
	at java.desktop/java.awt.Container.dispatchEventImpl(Container.java:2304)
	at java.desktop/java.awt.Window.dispatchEventImpl(Window.java:2671)
	at java.desktop/java.awt.Component.dispatchEvent(Component.java:4790)
	at java.desktop/java.awt.EventQueue.dispatchEventImpl(EventQueue.java:725)
	at java.desktop/java.awt.EventQueue.dispatchEvent(EventQueue.java:702)
	at java.desktop/java.awt.EventDispatchThread.pumpOneEventForFilters(EventDispatchThread.java:203)
	at java.desktop/java.awt.EventDispatchThread.pumpEventsForFilter(EventDispatchThread.java:124)
	at java.desktop/java.awt.EventDispatchThread.pumpEventsForHierarchy(EventDispatchThread.java:113)
	at java.desktop/java.awt.EventDispatchThread.pumpEvents(EventDispatchThread.java:109)
	at java.desktop/java.awt.EventDispatchThread.pumpEvents(EventDispatchThread.java:101)
	at java.desktop/java.awt.EventDispatchThread.run(EventDispatchThread.java:90)
[2025-11-22 19:02:40.107] ERROR FlightRadar24 - Failed to find flight by flight number: UX138
org.json.JSONException: JSONArray[0] not found.
	at org.json.JSONArray.get(JSONArray.java:244)
	at org.json.JSONArray.getJSONObject(JSONArray.java:457)
	at org.lobster.data_access.FlightRadarService.findByFlightNumber(FlightRadarService.java:37)
	at org.lobster.data_access.FlightRadarDataAccess.findByFlightNumber(FlightRadarDataAccess.java:21)
	at org.lobster.use_case.search_flight.SearchFlightInteractor.execute(SearchFlightInteractor.java:26)
	at org.lobster.interface_adapter.search_flight.SearchFlightController.onSearch(SearchFlightController.java:15)
	at org.lobster.view.MainApplicationFrame.performSearch(MainApplicationFrame.java:154)
	at org.lobster.view.MainApplicationFrame.lambda$createSearchPanel$0(MainApplicationFrame.java:119)
	at java.desktop/javax.swing.AbstractButton.fireActionPerformed(AbstractButton.java:1972)
	at java.desktop/javax.swing.AbstractButton$Handler.actionPerformed(AbstractButton.java:2314)
	at java.desktop/javax.swing.DefaultButtonModel.fireActionPerformed(DefaultButtonModel.java:407)
	at java.desktop/javax.swing.DefaultButtonModel.setPressed(DefaultButtonModel.java:262)
	at java.desktop/javax.swing.plaf.basic.BasicButtonListener.mouseReleased(BasicButtonListener.java:279)
	at java.desktop/java.awt.Component.processMouseEvent(Component.java:6576)
	at java.desktop/javax.swing.JComponent.processMouseEvent(JComponent.java:3404)
	at java.desktop/java.awt.Component.processEvent(Component.java:6341)
	at java.desktop/java.awt.Container.processEvent(Container.java:2260)
	at java.desktop/java.awt.Component.dispatchEventImpl(Component.java:4958)
	at java.desktop/java.awt.Container.dispatchEventImpl(Container.java:2318)
	at java.desktop/java.awt.Component.dispatchEvent(Component.java:4790)
	at java.desktop/java.awt.LightweightDispatcher.retargetMouseEvent(Container.java:4917)
	at java.desktop/java.awt.LightweightDispatcher.processMouseEvent(Container.java:4560)
	at java.desktop/java.awt.LightweightDispatcher.dispatchEvent(Container.java:4501)
	at java.desktop/java.awt.Container.dispatchEventImpl(Container.java:2304)
	at java.desktop/java.awt.Window.dispatchEventImpl(Window.java:2671)
	at java.desktop/java.awt.Component.dispatchEvent(Component.java:4790)
	at java.desktop/java.awt.EventQueue.dispatchEventImpl(EventQueue.java:725)
	at java.desktop/java.awt.EventQueue.dispatchEvent(EventQueue.java:702)
	at java.desktop/java.awt.EventDispatchThread.pumpOneEventForFilters(EventDispatchThread.java:203)
	at java.desktop/java.awt.EventDispatchThread.pumpEventsForFilter(EventDispatchThread.java:124)
	at java.desktop/java.awt.EventDispatchThread.pumpEventsForHierarchy(EventDispatchThread.java:113)
	at java.desktop/java.awt.EventDispatchThread.pumpEvents(EventDispatchThread.java:109)
	at java.desktop/java.awt.EventDispatchThread.pumpEvents(EventDispatchThread.java:101)
	at java.desktop/java.awt.EventDispatchThread.run(EventDispatchThread.java:90)
[2025-11-23 12:52:14.956] INFO  MapPanel - World map image loaded successfully
[2025-11-23 12:52:56.635] ERROR FlightRadar24 - Failed to find flight by flight number: ACA609
org.json.JSONException: JSONArray[0] not found.
	at org.json.JSONArray.get(JSONArray.java:244)
	at org.json.JSONArray.getJSONObject(JSONArray.java:457)
	at org.lobster.data_access.FlightRadarService.findByFlightNumber(FlightRadarService.java:37)
	at org.lobster.data_access.FlightRadarDataAccess.findByFlightNumber(FlightRadarDataAccess.java:21)
	at org.lobster.use_case.search_flight.SearchFlightInteractor.execute(SearchFlightInteractor.java:26)
	at org.lobster.interface_adapter.search_flight.SearchFlightController.onSearch(SearchFlightController.java:15)
	at org.lobster.view.MainApplicationFrame.performSearch(MainApplicationFrame.java:154)
	at org.lobster.view.MainApplicationFrame.lambda$createSearchPanel$0(MainApplicationFrame.java:119)
	at java.desktop/javax.swing.AbstractButton.fireActionPerformed(AbstractButton.java:1972)
	at java.desktop/javax.swing.AbstractButton$Handler.actionPerformed(AbstractButton.java:2314)
	at java.desktop/javax.swing.DefaultButtonModel.fireActionPerformed(DefaultButtonModel.java:407)
	at java.desktop/javax.swing.DefaultButtonModel.setPressed(DefaultButtonModel.java:262)
	at java.desktop/javax.swing.plaf.basic.BasicButtonListener.mouseReleased(BasicButtonListener.java:279)
	at java.desktop/java.awt.Component.processMouseEvent(Component.java:6576)
	at java.desktop/javax.swing.JComponent.processMouseEvent(JComponent.java:3404)
	at java.desktop/java.awt.Component.processEvent(Component.java:6341)
	at java.desktop/java.awt.Container.processEvent(Container.java:2260)
	at java.desktop/java.awt.Component.dispatchEventImpl(Component.java:4958)
	at java.desktop/java.awt.Container.dispatchEventImpl(Container.java:2318)
	at java.desktop/java.awt.Component.dispatchEvent(Component.java:4790)
	at java.desktop/java.awt.LightweightDispatcher.retargetMouseEvent(Container.java:4916)
	at java.desktop/java.awt.LightweightDispatcher.processMouseEvent(Container.java:4559)
	at java.desktop/java.awt.LightweightDispatcher.dispatchEvent(Container.java:4500)
	at java.desktop/java.awt.Container.dispatchEventImpl(Container.java:2304)
	at java.desktop/java.awt.Window.dispatchEventImpl(Window.java:2671)
	at java.desktop/java.awt.Component.dispatchEvent(Component.java:4790)
	at java.desktop/java.awt.EventQueue.dispatchEventImpl(EventQueue.java:725)
	at java.desktop/java.awt.EventQueue.dispatchEvent(EventQueue.java:702)
	at java.desktop/java.awt.EventDispatchThread.pumpOneEventForFilters(EventDispatchThread.java:203)
	at java.desktop/java.awt.EventDispatchThread.pumpEventsForFilter(EventDispatchThread.java:124)
	at java.desktop/java.awt.EventDispatchThread.pumpEventsForHierarchy(EventDispatchThread.java:113)
	at java.desktop/java.awt.EventDispatchThread.pumpEvents(EventDispatchThread.java:109)
	at java.desktop/java.awt.EventDispatchThread.pumpEvents(EventDispatchThread.java:101)
	at java.desktop/java.awt.EventDispatchThread.run(EventDispatchThread.java:90)
[2025-11-23 12:53:09.472] DEBUG AddToFavoritesInteractor - executing for: AC609
[2025-11-23 12:53:09.715] ERROR FlightRadar24 - Failed to find flight by callsign: AC609
org.json.JSONException: JSONArray[0] not found.
	at org.json.JSONArray.get(JSONArray.java:244)
	at org.json.JSONArray.getJSONObject(JSONArray.java:457)
	at org.lobster.data_access.FlightRadarService.findByCallsign(FlightRadarService.java:27)
	at org.lobster.data_access.FlightRadarDataAccess.findByCallSign(FlightRadarDataAccess.java:27)
	at org.lobster.use_case.add_to_favorites.AddToFavoritesInteractor.execute(AddToFavoritesInteractor.java:40)
	at org.lobster.interface_adapter.add_to_favorites.AddToFavoritesController.execute(AddToFavoritesController.java:15)
	at org.lobster.view.MainApplicationFrame.addCurrentToFavorites(MainApplicationFrame.java:179)
	at org.lobster.view.MainApplicationFrame.lambda$createSearchPanel$1(MainApplicationFrame.java:120)
	at java.desktop/javax.swing.AbstractButton.fireActionPerformed(AbstractButton.java:1972)
	at java.desktop/javax.swing.AbstractButton$Handler.actionPerformed(AbstractButton.java:2314)
	at java.desktop/javax.swing.DefaultButtonModel.fireActionPerformed(DefaultButtonModel.java:407)
	at java.desktop/javax.swing.DefaultButtonModel.setPressed(DefaultButtonModel.java:262)
	at java.desktop/javax.swing.plaf.basic.BasicButtonListener.mouseReleased(BasicButtonListener.java:279)
	at java.desktop/java.awt.Component.processMouseEvent(Component.java:6576)
	at java.desktop/javax.swing.JComponent.processMouseEvent(JComponent.java:3404)
	at java.desktop/java.awt.Component.processEvent(Component.java:6341)
	at java.desktop/java.awt.Container.processEvent(Container.java:2260)
	at java.desktop/java.awt.Component.dispatchEventImpl(Component.java:4958)
	at java.desktop/java.awt.Container.dispatchEventImpl(Container.java:2318)
	at java.desktop/java.awt.Component.dispatchEvent(Component.java:4790)
	at java.desktop/java.awt.LightweightDispatcher.retargetMouseEvent(Container.java:4916)
	at java.desktop/java.awt.LightweightDispatcher.processMouseEvent(Container.java:4559)
	at java.desktop/java.awt.LightweightDispatcher.dispatchEvent(Container.java:4500)
	at java.desktop/java.awt.Container.dispatchEventImpl(Container.java:2304)
	at java.desktop/java.awt.Window.dispatchEventImpl(Window.java:2671)
	at java.desktop/java.awt.Component.dispatchEvent(Component.java:4790)
	at java.desktop/java.awt.EventQueue.dispatchEventImpl(EventQueue.java:725)
	at java.desktop/java.awt.EventQueue.dispatchEvent(EventQueue.java:702)
	at java.desktop/java.awt.EventDispatchThread.pumpOneEventForFilters(EventDispatchThread.java:203)
	at java.desktop/java.awt.EventDispatchThread.pumpEventsForFilter(EventDispatchThread.java:124)
	at java.desktop/java.awt.EventDispatchThread.pumpEventsForHierarchy(EventDispatchThread.java:113)
	at java.desktop/java.awt.EventDispatchThread.pumpEvents(EventDispatchThread.java:109)
	at java.desktop/java.awt.EventDispatchThread.pumpEvents(EventDispatchThread.java:101)
	at java.desktop/java.awt.EventDispatchThread.run(EventDispatchThread.java:90)
[2025-11-23 12:53:09.718] ERROR AddToFavoritesInteractor - Exception occurred while adding to favorites
java.lang.NullPointerException: Cannot invoke "org.json.JSONObject.getString(String)" because "flightInfo" is null
	at org.lobster.data_access.FlightRadarDataAccess.mapApiResponseToFlight(FlightRadarDataAccess.java:47)
	at org.lobster.data_access.FlightRadarDataAccess.findByCallSign(FlightRadarDataAccess.java:28)
	at org.lobster.use_case.add_to_favorites.AddToFavoritesInteractor.execute(AddToFavoritesInteractor.java:40)
	at org.lobster.interface_adapter.add_to_favorites.AddToFavoritesController.execute(AddToFavoritesController.java:15)
	at org.lobster.view.MainApplicationFrame.addCurrentToFavorites(MainApplicationFrame.java:179)
	at org.lobster.view.MainApplicationFrame.lambda$createSearchPanel$1(MainApplicationFrame.java:120)
	at java.desktop/javax.swing.AbstractButton.fireActionPerformed(AbstractButton.java:1972)
	at java.desktop/javax.swing.AbstractButton$Handler.actionPerformed(AbstractButton.java:2314)
	at java.desktop/javax.swing.DefaultButtonModel.fireActionPerformed(DefaultButtonModel.java:407)
	at java.desktop/javax.swing.DefaultButtonModel.setPressed(DefaultButtonModel.java:262)
	at java.desktop/javax.swing.plaf.basic.BasicButtonListener.mouseReleased(BasicButtonListener.java:279)
	at java.desktop/java.awt.Component.processMouseEvent(Component.java:6576)
	at java.desktop/javax.swing.JComponent.processMouseEvent(JComponent.java:3404)
	at java.desktop/java.awt.Component.processEvent(Component.java:6341)
	at java.desktop/java.awt.Container.processEvent(Container.java:2260)
	at java.desktop/java.awt.Component.dispatchEventImpl(Component.java:4958)
	at java.desktop/java.awt.Container.dispatchEventImpl(Container.java:2318)
	at java.desktop/java.awt.Component.dispatchEvent(Component.java:4790)
	at java.desktop/java.awt.LightweightDispatcher.retargetMouseEvent(Container.java:4916)
	at java.desktop/java.awt.LightweightDispatcher.processMouseEvent(Container.java:4559)
	at java.desktop/java.awt.LightweightDispatcher.dispatchEvent(Container.java:4500)
	at java.desktop/java.awt.Container.dispatchEventImpl(Container.java:2304)
	at java.desktop/java.awt.Window.dispatchEventImpl(Window.java:2671)
	at java.desktop/java.awt.Component.dispatchEvent(Component.java:4790)
	at java.desktop/java.awt.EventQueue.dispatchEventImpl(EventQueue.java:725)
	at java.desktop/java.awt.EventQueue.dispatchEvent(EventQueue.java:702)
	at java.desktop/java.awt.EventDispatchThread.pumpOneEventForFilters(EventDispatchThread.java:203)
	at java.desktop/java.awt.EventDispatchThread.pumpEventsForFilter(EventDispatchThread.java:124)
	at java.desktop/java.awt.EventDispatchThread.pumpEventsForHierarchy(EventDispatchThread.java:113)
	at java.desktop/java.awt.EventDispatchThread.pumpEvents(EventDispatchThread.java:109)
	at java.desktop/java.awt.EventDispatchThread.pumpEvents(EventDispatchThread.java:101)
	at java.desktop/java.awt.EventDispatchThread.run(EventDispatchThread.java:90)
[2025-11-23 12:53:20.336] DEBUG AddToFavoritesInteractor - executing for: AC609
[2025-11-23 12:53:20.555] ERROR FlightRadar24 - Failed to find flight by callsign: AC609
org.json.JSONException: JSONArray[0] not found.
	at org.json.JSONArray.get(JSONArray.java:244)
	at org.json.JSONArray.getJSONObject(JSONArray.java:457)
	at org.lobster.data_access.FlightRadarService.findByCallsign(FlightRadarService.java:27)
	at org.lobster.data_access.FlightRadarDataAccess.findByCallSign(FlightRadarDataAccess.java:27)
	at org.lobster.use_case.add_to_favorites.AddToFavoritesInteractor.execute(AddToFavoritesInteractor.java:40)
	at org.lobster.interface_adapter.add_to_favorites.AddToFavoritesController.execute(AddToFavoritesController.java:15)
	at org.lobster.view.MainApplicationFrame.addCurrentToFavorites(MainApplicationFrame.java:179)
	at org.lobster.view.MainApplicationFrame.lambda$createSearchPanel$1(MainApplicationFrame.java:120)
	at java.desktop/javax.swing.AbstractButton.fireActionPerformed(AbstractButton.java:1972)
	at java.desktop/javax.swing.AbstractButton$Handler.actionPerformed(AbstractButton.java:2314)
	at java.desktop/javax.swing.DefaultButtonModel.fireActionPerformed(DefaultButtonModel.java:407)
	at java.desktop/javax.swing.DefaultButtonModel.setPressed(DefaultButtonModel.java:262)
	at java.desktop/javax.swing.plaf.basic.BasicButtonListener.mouseReleased(BasicButtonListener.java:279)
	at java.desktop/java.awt.Component.processMouseEvent(Component.java:6576)
	at java.desktop/javax.swing.JComponent.processMouseEvent(JComponent.java:3404)
	at java.desktop/java.awt.Component.processEvent(Component.java:6341)
	at java.desktop/java.awt.Container.processEvent(Container.java:2260)
	at java.desktop/java.awt.Component.dispatchEventImpl(Component.java:4958)
	at java.desktop/java.awt.Container.dispatchEventImpl(Container.java:2318)
	at java.desktop/java.awt.Component.dispatchEvent(Component.java:4790)
	at java.desktop/java.awt.LightweightDispatcher.retargetMouseEvent(Container.java:4916)
	at java.desktop/java.awt.LightweightDispatcher.processMouseEvent(Container.java:4559)
	at java.desktop/java.awt.LightweightDispatcher.dispatchEvent(Container.java:4500)
	at java.desktop/java.awt.Container.dispatchEventImpl(Container.java:2304)
	at java.desktop/java.awt.Window.dispatchEventImpl(Window.java:2671)
	at java.desktop/java.awt.Component.dispatchEvent(Component.java:4790)
	at java.desktop/java.awt.EventQueue.dispatchEventImpl(EventQueue.java:725)
	at java.desktop/java.awt.EventQueue.dispatchEvent(EventQueue.java:702)
	at java.desktop/java.awt.EventDispatchThread.pumpOneEventForFilters(EventDispatchThread.java:203)
	at java.desktop/java.awt.EventDispatchThread.pumpEventsForFilter(EventDispatchThread.java:124)
	at java.desktop/java.awt.EventDispatchThread.pumpEventsForHierarchy(EventDispatchThread.java:113)
	at java.desktop/java.awt.EventDispatchThread.pumpEvents(EventDispatchThread.java:109)
	at java.desktop/java.awt.EventDispatchThread.pumpEvents(EventDispatchThread.java:101)
	at java.desktop/java.awt.EventDispatchThread.run(EventDispatchThread.java:90)
[2025-11-23 12:53:20.557] ERROR AddToFavoritesInteractor - Exception occurred while adding to favorites
java.lang.NullPointerException: Cannot invoke "org.json.JSONObject.getString(String)" because "flightInfo" is null
	at org.lobster.data_access.FlightRadarDataAccess.mapApiResponseToFlight(FlightRadarDataAccess.java:47)
	at org.lobster.data_access.FlightRadarDataAccess.findByCallSign(FlightRadarDataAccess.java:28)
	at org.lobster.use_case.add_to_favorites.AddToFavoritesInteractor.execute(AddToFavoritesInteractor.java:40)
	at org.lobster.interface_adapter.add_to_favorites.AddToFavoritesController.execute(AddToFavoritesController.java:15)
	at org.lobster.view.MainApplicationFrame.addCurrentToFavorites(MainApplicationFrame.java:179)
	at org.lobster.view.MainApplicationFrame.lambda$createSearchPanel$1(MainApplicationFrame.java:120)
	at java.desktop/javax.swing.AbstractButton.fireActionPerformed(AbstractButton.java:1972)
	at java.desktop/javax.swing.AbstractButton$Handler.actionPerformed(AbstractButton.java:2314)
	at java.desktop/javax.swing.DefaultButtonModel.fireActionPerformed(DefaultButtonModel.java:407)
	at java.desktop/javax.swing.DefaultButtonModel.setPressed(DefaultButtonModel.java:262)
	at java.desktop/javax.swing.plaf.basic.BasicButtonListener.mouseReleased(BasicButtonListener.java:279)
	at java.desktop/java.awt.Component.processMouseEvent(Component.java:6576)
	at java.desktop/javax.swing.JComponent.processMouseEvent(JComponent.java:3404)
	at java.desktop/java.awt.Component.processEvent(Component.java:6341)
	at java.desktop/java.awt.Container.processEvent(Container.java:2260)
	at java.desktop/java.awt.Component.dispatchEventImpl(Component.java:4958)
	at java.desktop/java.awt.Container.dispatchEventImpl(Container.java:2318)
	at java.desktop/java.awt.Component.dispatchEvent(Component.java:4790)
	at java.desktop/java.awt.LightweightDispatcher.retargetMouseEvent(Container.java:4916)
	at java.desktop/java.awt.LightweightDispatcher.processMouseEvent(Container.java:4559)
	at java.desktop/java.awt.LightweightDispatcher.dispatchEvent(Container.java:4500)
	at java.desktop/java.awt.Container.dispatchEventImpl(Container.java:2304)
	at java.desktop/java.awt.Window.dispatchEventImpl(Window.java:2671)
	at java.desktop/java.awt.Component.dispatchEvent(Component.java:4790)
	at java.desktop/java.awt.EventQueue.dispatchEventImpl(EventQueue.java:725)
	at java.desktop/java.awt.EventQueue.dispatchEvent(EventQueue.java:702)
	at java.desktop/java.awt.EventDispatchThread.pumpOneEventForFilters(EventDispatchThread.java:203)
	at java.desktop/java.awt.EventDispatchThread.pumpEventsForFilter(EventDispatchThread.java:124)
	at java.desktop/java.awt.EventDispatchThread.pumpEventsForHierarchy(EventDispatchThread.java:113)
	at java.desktop/java.awt.EventDispatchThread.pumpEvents(EventDispatchThread.java:109)
	at java.desktop/java.awt.EventDispatchThread.pumpEvents(EventDispatchThread.java:101)
	at java.desktop/java.awt.EventDispatchThread.run(EventDispatchThread.java:90)
[2025-11-23 12:54:01.326] DEBUG AddToFavoritesInteractor - executing for: AC887
[2025-11-23 12:54:01.550] ERROR FlightRadar24 - Failed to find flight by callsign: AC887
org.json.JSONException: JSONArray[0] not found.
	at org.json.JSONArray.get(JSONArray.java:244)
	at org.json.JSONArray.getJSONObject(JSONArray.java:457)
	at org.lobster.data_access.FlightRadarService.findByCallsign(FlightRadarService.java:27)
	at org.lobster.data_access.FlightRadarDataAccess.findByCallSign(FlightRadarDataAccess.java:27)
	at org.lobster.use_case.add_to_favorites.AddToFavoritesInteractor.execute(AddToFavoritesInteractor.java:40)
	at org.lobster.interface_adapter.add_to_favorites.AddToFavoritesController.execute(AddToFavoritesController.java:15)
	at org.lobster.view.MainApplicationFrame.addCurrentToFavorites(MainApplicationFrame.java:179)
	at org.lobster.view.MainApplicationFrame.lambda$createSearchPanel$1(MainApplicationFrame.java:120)
	at java.desktop/javax.swing.AbstractButton.fireActionPerformed(AbstractButton.java:1972)
	at java.desktop/javax.swing.AbstractButton$Handler.actionPerformed(AbstractButton.java:2314)
	at java.desktop/javax.swing.DefaultButtonModel.fireActionPerformed(DefaultButtonModel.java:407)
	at java.desktop/javax.swing.DefaultButtonModel.setPressed(DefaultButtonModel.java:262)
	at java.desktop/javax.swing.plaf.basic.BasicButtonListener.mouseReleased(BasicButtonListener.java:279)
	at java.desktop/java.awt.Component.processMouseEvent(Component.java:6576)
	at java.desktop/javax.swing.JComponent.processMouseEvent(JComponent.java:3404)
	at java.desktop/java.awt.Component.processEvent(Component.java:6341)
	at java.desktop/java.awt.Container.processEvent(Container.java:2260)
	at java.desktop/java.awt.Component.dispatchEventImpl(Component.java:4958)
	at java.desktop/java.awt.Container.dispatchEventImpl(Container.java:2318)
	at java.desktop/java.awt.Component.dispatchEvent(Component.java:4790)
	at java.desktop/java.awt.LightweightDispatcher.retargetMouseEvent(Container.java:4916)
	at java.desktop/java.awt.LightweightDispatcher.processMouseEvent(Container.java:4559)
	at java.desktop/java.awt.LightweightDispatcher.dispatchEvent(Container.java:4500)
	at java.desktop/java.awt.Container.dispatchEventImpl(Container.java:2304)
	at java.desktop/java.awt.Window.dispatchEventImpl(Window.java:2671)
	at java.desktop/java.awt.Component.dispatchEvent(Component.java:4790)
	at java.desktop/java.awt.EventQueue.dispatchEventImpl(EventQueue.java:725)
	at java.desktop/java.awt.EventQueue.dispatchEvent(EventQueue.java:702)
	at java.desktop/java.awt.EventDispatchThread.pumpOneEventForFilters(EventDispatchThread.java:203)
	at java.desktop/java.awt.EventDispatchThread.pumpEventsForFilter(EventDispatchThread.java:124)
	at java.desktop/java.awt.EventDispatchThread.pumpEventsForHierarchy(EventDispatchThread.java:113)
	at java.desktop/java.awt.EventDispatchThread.pumpEvents(EventDispatchThread.java:109)
	at java.desktop/java.awt.EventDispatchThread.pumpEvents(EventDispatchThread.java:101)
	at java.desktop/java.awt.EventDispatchThread.run(EventDispatchThread.java:90)
[2025-11-23 12:54:01.554] ERROR AddToFavoritesInteractor - Exception occurred while adding to favorites
java.lang.NullPointerException: Cannot invoke "org.json.JSONObject.getString(String)" because "flightInfo" is null
	at org.lobster.data_access.FlightRadarDataAccess.mapApiResponseToFlight(FlightRadarDataAccess.java:47)
	at org.lobster.data_access.FlightRadarDataAccess.findByCallSign(FlightRadarDataAccess.java:28)
	at org.lobster.use_case.add_to_favorites.AddToFavoritesInteractor.execute(AddToFavoritesInteractor.java:40)
	at org.lobster.interface_adapter.add_to_favorites.AddToFavoritesController.execute(AddToFavoritesController.java:15)
	at org.lobster.view.MainApplicationFrame.addCurrentToFavorites(MainApplicationFrame.java:179)
	at org.lobster.view.MainApplicationFrame.lambda$createSearchPanel$1(MainApplicationFrame.java:120)
	at java.desktop/javax.swing.AbstractButton.fireActionPerformed(AbstractButton.java:1972)
	at java.desktop/javax.swing.AbstractButton$Handler.actionPerformed(AbstractButton.java:2314)
	at java.desktop/javax.swing.DefaultButtonModel.fireActionPerformed(DefaultButtonModel.java:407)
	at java.desktop/javax.swing.DefaultButtonModel.setPressed(DefaultButtonModel.java:262)
	at java.desktop/javax.swing.plaf.basic.BasicButtonListener.mouseReleased(BasicButtonListener.java:279)
	at java.desktop/java.awt.Component.processMouseEvent(Component.java:6576)
	at java.desktop/javax.swing.JComponent.processMouseEvent(JComponent.java:3404)
	at java.desktop/java.awt.Component.processEvent(Component.java:6341)
	at java.desktop/java.awt.Container.processEvent(Container.java:2260)
	at java.desktop/java.awt.Component.dispatchEventImpl(Component.java:4958)
	at java.desktop/java.awt.Container.dispatchEventImpl(Container.java:2318)
	at java.desktop/java.awt.Component.dispatchEvent(Component.java:4790)
	at java.desktop/java.awt.LightweightDispatcher.retargetMouseEvent(Container.java:4916)
	at java.desktop/java.awt.LightweightDispatcher.processMouseEvent(Container.java:4559)
	at java.desktop/java.awt.LightweightDispatcher.dispatchEvent(Container.java:4500)
	at java.desktop/java.awt.Container.dispatchEventImpl(Container.java:2304)
	at java.desktop/java.awt.Window.dispatchEventImpl(Window.java:2671)
	at java.desktop/java.awt.Component.dispatchEvent(Component.java:4790)
	at java.desktop/java.awt.EventQueue.dispatchEventImpl(EventQueue.java:725)
	at java.desktop/java.awt.EventQueue.dispatchEvent(EventQueue.java:702)
	at java.desktop/java.awt.EventDispatchThread.pumpOneEventForFilters(EventDispatchThread.java:203)
	at java.desktop/java.awt.EventDispatchThread.pumpEventsForFilter(EventDispatchThread.java:124)
	at java.desktop/java.awt.EventDispatchThread.pumpEventsForHierarchy(EventDispatchThread.java:113)
	at java.desktop/java.awt.EventDispatchThread.pumpEvents(EventDispatchThread.java:109)
	at java.desktop/java.awt.EventDispatchThread.pumpEvents(EventDispatchThread.java:101)
	at java.desktop/java.awt.EventDispatchThread.run(EventDispatchThread.java:90)
[2025-11-23 12:54:14.296] DEBUG AddToFavoritesInteractor - executing for: ACA877
[2025-11-23 12:54:15.142] DEBUG AddToFavoritesInteractor - Looking for: 'ACA877'
[2025-11-23 12:54:15.144] DEBUG AddToFavoritesInteractor - Found flight: Number: 'AC877', Callsign: 'ACA877'
[2025-11-23 12:54:15.146] DEBUG AddToFavoritesInteractor - Is duplicate: false
[2025-11-23 12:54:15.150] INFO  InMemoryFavoriteFlightsDAO - Saved flight to favorites: ACA877
[2025-11-23 12:54:15.151] INFO  AddToFavoritesInteractor - Flight saved to favorites: AC877
[2025-11-23 12:54:15.153] DEBUG AddToFavoritesInteractor - Updated favorites count: 1
[2025-11-23 12:54:15.158] DEBUG AddToFavoritesPresenter - prepareSuccessView called
[2025-11-23 12:54:33.333] ERROR FlightRadar24 - Failed to find flight by flight number: ACA877
org.json.JSONException: JSONArray[0] not found.
	at org.json.JSONArray.get(JSONArray.java:244)
	at org.json.JSONArray.getJSONObject(JSONArray.java:457)
	at org.lobster.data_access.FlightRadarService.findByFlightNumber(FlightRadarService.java:37)
	at org.lobster.data_access.FlightRadarDataAccess.findByFlightNumber(FlightRadarDataAccess.java:21)
	at org.lobster.use_case.remove_from_favorites.RemoveFromFavoritesInteractor.execute(RemoveFromFavoritesInteractor.java:39)
	at org.lobster.interface_adapter.remove_from_favorites.RemoveFromFavoritesController.execute(RemoveFromFavoritesController.java:15)
	at org.lobster.view.FavoritesSidebar.removeSelectedFavorite(FavoritesSidebar.java:166)
	at org.lobster.view.FavoritesSidebar.lambda$createControlPanel$1(FavoritesSidebar.java:103)
	at java.desktop/javax.swing.AbstractButton.fireActionPerformed(AbstractButton.java:1972)
	at java.desktop/javax.swing.AbstractButton$Handler.actionPerformed(AbstractButton.java:2314)
	at java.desktop/javax.swing.DefaultButtonModel.fireActionPerformed(DefaultButtonModel.java:407)
	at java.desktop/javax.swing.DefaultButtonModel.setPressed(DefaultButtonModel.java:262)
	at java.desktop/javax.swing.plaf.basic.BasicButtonListener.mouseReleased(BasicButtonListener.java:279)
	at java.desktop/java.awt.Component.processMouseEvent(Component.java:6576)
	at java.desktop/javax.swing.JComponent.processMouseEvent(JComponent.java:3404)
	at java.desktop/java.awt.Component.processEvent(Component.java:6341)
	at java.desktop/java.awt.Container.processEvent(Container.java:2260)
	at java.desktop/java.awt.Component.dispatchEventImpl(Component.java:4958)
	at java.desktop/java.awt.Container.dispatchEventImpl(Container.java:2318)
	at java.desktop/java.awt.Component.dispatchEvent(Component.java:4790)
	at java.desktop/java.awt.LightweightDispatcher.retargetMouseEvent(Container.java:4916)
	at java.desktop/java.awt.LightweightDispatcher.processMouseEvent(Container.java:4559)
	at java.desktop/java.awt.LightweightDispatcher.dispatchEvent(Container.java:4500)
	at java.desktop/java.awt.Container.dispatchEventImpl(Container.java:2304)
	at java.desktop/java.awt.Window.dispatchEventImpl(Window.java:2671)
	at java.desktop/java.awt.Component.dispatchEvent(Component.java:4790)
	at java.desktop/java.awt.EventQueue.dispatchEventImpl(EventQueue.java:725)
	at java.desktop/java.awt.EventQueue.dispatchEvent(EventQueue.java:702)
	at java.desktop/java.awt.EventDispatchThread.pumpOneEventForFilters(EventDispatchThread.java:203)
	at java.desktop/java.awt.EventDispatchThread.pumpEventsForFilter(EventDispatchThread.java:124)
	at java.desktop/java.awt.EventDispatchThread.pumpEventsForHierarchy(EventDispatchThread.java:113)
	at java.desktop/java.awt.EventDispatchThread.pumpEvents(EventDispatchThread.java:109)
	at java.desktop/java.awt.EventDispatchThread.pumpEvents(EventDispatchThread.java:101)
	at java.desktop/java.awt.EventDispatchThread.run(EventDispatchThread.java:90)
[2025-11-23 12:54:38.487] ERROR FlightRadar24 - Failed to find flight by flight number: ACA877
org.json.JSONException: JSONArray[0] not found.
	at org.json.JSONArray.get(JSONArray.java:244)
	at org.json.JSONArray.getJSONObject(JSONArray.java:457)
	at org.lobster.data_access.FlightRadarService.findByFlightNumber(FlightRadarService.java:37)
	at org.lobster.data_access.FlightRadarDataAccess.findByFlightNumber(FlightRadarDataAccess.java:21)
	at org.lobster.use_case.remove_from_favorites.RemoveFromFavoritesInteractor.execute(RemoveFromFavoritesInteractor.java:39)
	at org.lobster.interface_adapter.remove_from_favorites.RemoveFromFavoritesController.execute(RemoveFromFavoritesController.java:15)
	at org.lobster.view.FavoritesSidebar.removeSelectedFavorite(FavoritesSidebar.java:166)
	at org.lobster.view.FavoritesSidebar.lambda$createControlPanel$1(FavoritesSidebar.java:103)
	at java.desktop/javax.swing.AbstractButton.fireActionPerformed(AbstractButton.java:1972)
	at java.desktop/javax.swing.AbstractButton$Handler.actionPerformed(AbstractButton.java:2314)
	at java.desktop/javax.swing.DefaultButtonModel.fireActionPerformed(DefaultButtonModel.java:407)
	at java.desktop/javax.swing.DefaultButtonModel.setPressed(DefaultButtonModel.java:262)
	at java.desktop/javax.swing.plaf.basic.BasicButtonListener.mouseReleased(BasicButtonListener.java:279)
	at java.desktop/java.awt.Component.processMouseEvent(Component.java:6576)
	at java.desktop/javax.swing.JComponent.processMouseEvent(JComponent.java:3404)
	at java.desktop/java.awt.Component.processEvent(Component.java:6341)
	at java.desktop/java.awt.Container.processEvent(Container.java:2260)
	at java.desktop/java.awt.Component.dispatchEventImpl(Component.java:4958)
	at java.desktop/java.awt.Container.dispatchEventImpl(Container.java:2318)
	at java.desktop/java.awt.Component.dispatchEvent(Component.java:4790)
	at java.desktop/java.awt.LightweightDispatcher.retargetMouseEvent(Container.java:4916)
	at java.desktop/java.awt.LightweightDispatcher.processMouseEvent(Container.java:4559)
	at java.desktop/java.awt.LightweightDispatcher.dispatchEvent(Container.java:4500)
	at java.desktop/java.awt.Container.dispatchEventImpl(Container.java:2304)
	at java.desktop/java.awt.Window.dispatchEventImpl(Window.java:2671)
	at java.desktop/java.awt.Component.dispatchEvent(Component.java:4790)
	at java.desktop/java.awt.EventQueue.dispatchEventImpl(EventQueue.java:725)
	at java.desktop/java.awt.EventQueue.dispatchEvent(EventQueue.java:702)
	at java.desktop/java.awt.EventDispatchThread.pumpOneEventForFilters(EventDispatchThread.java:203)
	at java.desktop/java.awt.EventDispatchThread.pumpEventsForFilter(EventDispatchThread.java:124)
	at java.desktop/java.awt.EventDispatchThread.pumpEventsForHierarchy(EventDispatchThread.java:113)
	at java.desktop/java.awt.EventDispatchThread.pumpEvents(EventDispatchThread.java:109)
	at java.desktop/java.awt.EventDispatchThread.pumpEvents(EventDispatchThread.java:101)
	at java.desktop/java.awt.EventDispatchThread.run(EventDispatchThread.java:90)
[2025-11-23 13:07:41.858] INFO  MapPanel - World map image loaded successfully
[2025-11-23 13:08:09.599] DEBUG AddToFavoritesInteractor - executing for flight number: AC809
[2025-11-23 13:08:10.433] DEBUG AddToFavoritesInteractor - Looking for flight number: 'AC809'
[2025-11-23 13:08:10.436] DEBUG AddToFavoritesInteractor - Found flight: Number: 'AC809'
[2025-11-23 13:08:10.439] DEBUG AddToFavoritesInteractor - Is duplicate: false
[2025-11-23 13:08:10.442] INFO  InMemoryFavoriteFlightsDAO - Saved flight to favorites: ACA809
[2025-11-23 13:08:10.444] INFO  AddToFavoritesInteractor - Flight saved to favorites: AC809
[2025-11-23 13:08:10.446] DEBUG AddToFavoritesInteractor - Updated favorites count: 1
[2025-11-23 13:08:10.450] DEBUG AddToFavoritesPresenter - prepareSuccessView called
[2025-11-23 13:08:15.293] ERROR FlightRadar24 - Failed to find flight by flight number: ACA809
org.json.JSONException: JSONArray[0] not found.
	at org.json.JSONArray.get(JSONArray.java:244)
	at org.json.JSONArray.getJSONObject(JSONArray.java:457)
	at org.lobster.data_access.FlightRadarService.findByFlightNumber(FlightRadarService.java:37)
	at org.lobster.data_access.FlightRadarDataAccess.findByFlightNumber(FlightRadarDataAccess.java:21)
	at org.lobster.use_case.remove_from_favorites.RemoveFromFavoritesInteractor.execute(RemoveFromFavoritesInteractor.java:39)
	at org.lobster.interface_adapter.remove_from_favorites.RemoveFromFavoritesController.execute(RemoveFromFavoritesController.java:15)
	at org.lobster.view.FavoritesSidebar.removeSelectedFavorite(FavoritesSidebar.java:166)
	at org.lobster.view.FavoritesSidebar.lambda$createControlPanel$1(FavoritesSidebar.java:103)
	at java.desktop/javax.swing.AbstractButton.fireActionPerformed(AbstractButton.java:1972)
	at java.desktop/javax.swing.AbstractButton$Handler.actionPerformed(AbstractButton.java:2314)
	at java.desktop/javax.swing.DefaultButtonModel.fireActionPerformed(DefaultButtonModel.java:407)
	at java.desktop/javax.swing.DefaultButtonModel.setPressed(DefaultButtonModel.java:262)
	at java.desktop/javax.swing.plaf.basic.BasicButtonListener.mouseReleased(BasicButtonListener.java:279)
	at java.desktop/java.awt.Component.processMouseEvent(Component.java:6576)
	at java.desktop/javax.swing.JComponent.processMouseEvent(JComponent.java:3404)
	at java.desktop/java.awt.Component.processEvent(Component.java:6341)
	at java.desktop/java.awt.Container.processEvent(Container.java:2260)
	at java.desktop/java.awt.Component.dispatchEventImpl(Component.java:4958)
	at java.desktop/java.awt.Container.dispatchEventImpl(Container.java:2318)
	at java.desktop/java.awt.Component.dispatchEvent(Component.java:4790)
	at java.desktop/java.awt.LightweightDispatcher.retargetMouseEvent(Container.java:4916)
	at java.desktop/java.awt.LightweightDispatcher.processMouseEvent(Container.java:4559)
	at java.desktop/java.awt.LightweightDispatcher.dispatchEvent(Container.java:4500)
	at java.desktop/java.awt.Container.dispatchEventImpl(Container.java:2304)
	at java.desktop/java.awt.Window.dispatchEventImpl(Window.java:2671)
	at java.desktop/java.awt.Component.dispatchEvent(Component.java:4790)
	at java.desktop/java.awt.EventQueue.dispatchEventImpl(EventQueue.java:725)
	at java.desktop/java.awt.EventQueue.dispatchEvent(EventQueue.java:702)
	at java.desktop/java.awt.EventDispatchThread.pumpOneEventForFilters(EventDispatchThread.java:203)
	at java.desktop/java.awt.EventDispatchThread.pumpEventsForFilter(EventDispatchThread.java:124)
	at java.desktop/java.awt.EventDispatchThread.pumpEventsForHierarchy(EventDispatchThread.java:113)
	at java.desktop/java.awt.EventDispatchThread.pumpEvents(EventDispatchThread.java:109)
	at java.desktop/java.awt.EventDispatchThread.pumpEvents(EventDispatchThread.java:101)
	at java.desktop/java.awt.EventDispatchThread.run(EventDispatchThread.java:90)
[2025-11-23 13:22:13.584] INFO  MapPanel - World map image loaded successfully
[2025-11-23 13:23:14.253] DEBUG AddToFavoritesInteractor - executing for flight number: AA785
[2025-11-23 13:23:15.036] DEBUG AddToFavoritesInteractor - Looking for flight number: 'AA785'
[2025-11-23 13:23:15.037] DEBUG AddToFavoritesInteractor - Found flight: Number: 'AA785'
[2025-11-23 13:23:15.039] DEBUG AddToFavoritesInteractor - Is duplicate: false
[2025-11-23 13:23:15.040] INFO  InMemoryFavoriteFlightsDAO - Saved flight to favorites: AAL785
[2025-11-23 13:23:15.041] INFO  AddToFavoritesInteractor - Flight saved to favorites: AA785
[2025-11-23 13:23:15.043] DEBUG AddToFavoritesInteractor - Updated favorites count: 1
[2025-11-23 13:23:15.046] DEBUG AddToFavoritesPresenter - prepareSuccessView called
[2025-11-23 13:26:15.107] INFO  MapPanel - World map image loaded successfully
[2025-11-23 13:26:29.702] DEBUG AddToFavoritesInteractor - executing for flight number: AA785
[2025-11-23 13:26:30.510] DEBUG AddToFavoritesInteractor - Looking for flight number: 'AA785'
[2025-11-23 13:26:30.512] DEBUG AddToFavoritesInteractor - Found flight: Number: 'AA785'
[2025-11-23 13:26:30.519] DEBUG AddToFavoritesInteractor - Is duplicate: false
[2025-11-23 13:26:30.521] INFO  InMemoryFavoriteFlightsDAO - Saved flight to favorites: AAL785
[2025-11-23 13:26:30.529] INFO  AddToFavoritesInteractor - Flight saved to favorites: AA785
[2025-11-23 13:26:30.530] DEBUG AddToFavoritesInteractor - Updated favorites count: 1
[2025-11-23 13:26:30.544] DEBUG AddToFavoritesPresenter - prepareSuccessView called
[2025-11-23 13:27:40.427] DEBUG AddToFavoritesInteractor - executing for flight number: AC690
[2025-11-23 13:27:41.200] DEBUG AddToFavoritesInteractor - Looking for flight number: 'AC690'
[2025-11-23 13:27:41.201] DEBUG AddToFavoritesInteractor - Found flight: Number: 'AC690'
[2025-11-23 13:27:41.202] DEBUG AddToFavoritesInteractor - Is duplicate: false
[2025-11-23 13:27:41.203] INFO  InMemoryFavoriteFlightsDAO - Saved flight to favorites: ACA690
[2025-11-23 13:27:41.204] INFO  AddToFavoritesInteractor - Flight saved to favorites: AC690
[2025-11-23 13:27:41.205] DEBUG AddToFavoritesInteractor - Updated favorites count: 2
[2025-11-23 13:27:41.206] DEBUG AddToFavoritesPresenter - prepareSuccessView called
[2025-11-23 13:27:49.043] INFO  InMemoryFavoriteFlightsDAO - Removed flight from favorites: AC690
[2025-11-23 13:27:57.756] INFO  InMemoryFavoriteFlightsDAO - Removed flight from favorites: AA785
[2025-11-23 13:31:12.236] INFO  MapPanel - World map image loaded successfully
[2025-11-23 13:37:02.533] DEBUG AddToFavoritesInteractor - executing for flight number: AC451
[2025-11-23 13:37:03.648] DEBUG AddToFavoritesInteractor - Looking for flight number: 'AC451'
[2025-11-23 13:37:03.650] DEBUG AddToFavoritesInteractor - Found flight: Number: 'AC451'
[2025-11-23 13:37:03.650] DEBUG AddToFavoritesInteractor - Is duplicate: false
[2025-11-23 13:37:03.652] INFO  InMemoryFavoriteFlightsDAO - Saved flight to favorites: ACA451
[2025-11-23 13:37:03.653] INFO  AddToFavoritesInteractor - Flight saved to favorites: AC451
[2025-11-23 13:37:03.654] DEBUG AddToFavoritesInteractor - Updated favorites count: 1
[2025-11-23 13:37:03.657] DEBUG AddToFavoritesPresenter - prepareSuccessView called
[2025-11-23 13:38:03.092] DEBUG AddToFavoritesInteractor - executing for flight number: AC451
[2025-11-23 13:38:03.955] DEBUG AddToFavoritesInteractor - Looking for flight number: 'AC451'
[2025-11-23 13:38:03.958] DEBUG AddToFavoritesInteractor - Found flight: Number: 'AC451'
[2025-11-23 13:38:03.960] DEBUG AddToFavoritesInteractor - Is duplicate: true
[2025-11-23 13:38:20.092] DEBUG AddToFavoritesInteractor - executing for flight number: AC451
[2025-11-23 13:38:21.099] DEBUG AddToFavoritesInteractor - Looking for flight number: 'AC451'
[2025-11-23 13:38:21.100] DEBUG AddToFavoritesInteractor - Found flight: Number: 'AC451'
[2025-11-23 13:38:21.101] DEBUG AddToFavoritesInteractor - Is duplicate: true
[2025-11-23 13:45:02.028] INFO  InMemoryFavoriteFlightsDAO - Removed flight from favorites: AC451
[2025-11-23 13:49:46.796] INFO  MapPanel - World map image loaded successfully
[2025-11-23 13:50:15.641] DEBUG AddToFavoritesInteractor - executing for flight number: AC412
[2025-11-23 13:50:16.435] DEBUG AddToFavoritesInteractor - Looking for flight number: 'AC412'
[2025-11-23 13:50:16.437] DEBUG AddToFavoritesInteractor - Found flight: Number: 'AC412'
[2025-11-23 13:50:16.438] DEBUG AddToFavoritesInteractor - Is duplicate: false
[2025-11-23 13:50:16.440] INFO  InMemoryFavoriteFlightsDAO - Saved flight to favorites: ACA412
[2025-11-23 13:50:16.441] INFO  AddToFavoritesInteractor - Flight saved to favorites: AC412
[2025-11-23 13:50:16.443] DEBUG AddToFavoritesInteractor - Updated favorites count: 1
[2025-11-23 13:50:16.446] DEBUG AddToFavoritesPresenter - prepareSuccessView called
[2025-11-23 13:50:23.888] INFO  InMemoryFavoriteFlightsDAO - Removed flight from favorites: AC412
